<?xml version="1.0" encoding="UTF-8"?>
<beans xmlns="http://www.springframework.org/schema/beans"
	xmlns:xsi="http://www.w3.org/2001/XMLSchema-instance" xmlns:context="http://www.springframework.org/schema/context"
	xmlns:jdbc="http://www.springframework.org/schema/jdbc" xmlns:tx="http://www.springframework.org/schema/tx"
	xsi:schemaLocation="http://www.springframework.org/schema/beans http://www.springframework.org/schema/beans/spring-beans.xsd
		http://www.springframework.org/schema/context http://www.springframework.org/schema/context/spring-context-3.2.xsd
		http://www.springframework.org/schema/jdbc http://www.springframework.org/schema/jdbc/spring-jdbc-3.2.xsd
		http://www.springframework.org/schema/tx http://www.springframework.org/schema/tx/spring-tx-3.2.xsd">
	<bean name="user1" class="org.sample.entity.UserDetails">
		<property name="userID" value="1"></property>
		<property name="firstName" value="vimal"></property>
		<property name="lastName" value="esan"></property>
		<property name="dob" value="2/2/1989"></property>
		<property name="email" value="vimal2@gmail.com"></property>
		<property name="phone" value="900353"></property>
		<property name="city" value="chennai"></property>
	</bean>

	<bean name="login" class="org.sample.entity.Login">
		<property name="password" value="vimal"></property>
	</bean>
	<bean id="cat1" class="org.sample.entity.Category">
		<property name="categoryNumber" value="1"></property>
		<property name="categoryName" value="General Knowlege"></property>
		<property name="group" ref="g1"></property>
	</bean>
	<bean id="cat2" class="org.sample.entity.Category">
		<property name="categoryNumber" value="2"></property>
		<property name="categoryName" value="General English"></property>
		 <property name="group" ref="g1"></property>
	</bean>
	<bean id="g1" name="group" class="org.sample.entity.Group">
		<property name="groupNumber" value="1"></property>
		<property name="groupName" value="UPSC"></property>
		<property name="category">
			<set>
				<ref bean="cat1" />
				<ref bean="cat2" />
			</set>
		</property>
	</bean>
	<bean id="q1" class="org.sample.entity.Question">
		<property name="questionNumber" value="1"></property>
		<property name="questionName" value="Question1"></property>
		<property name="option1" value="option1"></property>
		<property name="option2" value="option2"></property>
		<property name="option3" value="option3"></property>
		<property name="option4" value="option4"></property>
		<property name="answer" value="1"></property>
		<property name="description" value="description"></property>
		<property name="reason" value="reason"></property>
		<property name="reference" value="reference"></property>
		
		
	</bean>
	<bean id="t1" class="org.sample.entity.TestDetails">
		<property name="testNumber" value="1"></property>
		<property name="testTitle" value="testTitle"></property>
		<property name="mark" value="100"></property>
		<property name="numberOfQuesiton" value="50"></property>	
	</bean>
</beans>
		